<?xml version="1.0" encoding="UTF-8"?>
<testsuite xmlns:xsi="http://www.w3.org/2001/XMLSchema-instance" xsi:noNamespaceSchemaLocation="https://maven.apache.org/surefire/maven-surefire-plugin/xsd/surefire-test-report.xsd" name="org.virtualparts.AppTest" time="0.04" tests="1" errors="0" skipped="0" failures="0">
  <properties>
    <property name="java.specification.version" value="16"/>
    <property name="sun.jnu.encoding" value="UTF-8"/>
    <property name="java.class.path" value="/Users/yzongy/vpr2/virtualparts.boolean/target/test-classes:/Users/yzongy/vpr2/virtualparts.boolean/target/classes:/Users/yzongy/.m2/repository/junit/junit/4.11/junit-4.11.jar:/Users/yzongy/.m2/repository/org/hamcrest/hamcrest-core/1.3/hamcrest-core-1.3.jar:/Users/yzongy/.m2/repository/org/virtualparts/virtualparts-data/2.0.16-SNAPSHOT/virtualparts-data-2.0.16-SNAPSHOT.jar:/Users/yzongy/.m2/repository/org/sbolstandard/libSBOLj/2.3.2-SNAPSHOT/libSBOLj-2.3.2-SNAPSHOT.jar:/Users/yzongy/.m2/repository/org/sbolstandard/sbol-data-core/0.2.0-SNAPSHOT/sbol-data-core-0.2.0-SNAPSHOT.jar:/Users/yzongy/.m2/repository/org/sbolstandard/sbol-data-examples/0.2.0-SNAPSHOT/sbol-data-examples-0.2.0-SNAPSHOT.jar:/Users/yzongy/.m2/repository/org/sbolstandard/sbol-data-io-graphviz/0.2.0-SNAPSHOT/sbol-data-io-graphviz-0.2.0-SNAPSHOT.jar:/Users/yzongy/.m2/repository/org/sbolstandard/sbol-data-io-json/0.2.0-SNAPSHOT/sbol-data-io-json-0.2.0-SNAPSHOT.jar:/Users/yzongy/.m2/repository/org/glassfish/javax.json/1.0.2/javax.json-1.0.2.jar:/Users/yzongy/.m2/repository/org/sbolstandard/sbol-data-io-turtle/0.2.0-SNAPSHOT/sbol-data-io-turtle-0.2.0-SNAPSHOT.jar:/Users/yzongy/.m2/repository/net/java/dev/stax-utils/stax-utils/20070216/stax-utils-20070216.jar:/Users/yzongy/.m2/repository/org/sbolstandard/sbol-data-io-RDF/0.2.0-SNAPSHOT/sbol-data-io-RDF-0.2.0-SNAPSHOT.jar:/Users/yzongy/.m2/repository/org/sbolstandard/sbol-data-nativeSbol/0.2.0-SNAPSHOT/sbol-data-nativeSbol-0.2.0-SNAPSHOT.jar:/Users/yzongy/.m2/repository/javassist/javassist/3.12.1.GA/javassist-3.12.1.GA.jar:/Users/yzongy/.m2/repository/org/jdom/jdom/1.1/jdom-1.1.jar:/Users/yzongy/.m2/repository/org/openscience/cdk/cdk-smiles/1.5.14/cdk-smiles-1.5.14.jar:/Users/yzongy/.m2/repository/javax/vecmath/vecmath/1.5.2/vecmath-1.5.2.jar:/Users/yzongy/.m2/repository/uk/ac/ebi/beam/beam-core/0.9.2/beam-core-0.9.2.jar:/Users/yzongy/.m2/repository/uk/ac/ebi/beam/beam-func/0.9.2/beam-func-0.9.2.jar:/Users/yzongy/.m2/repository/org/openscience/cdk/cdk-core/1.5.14/cdk-core-1.5.14.jar:/Users/yzongy/.m2/repository/org/openscience/cdk/cdk-interfaces/1.5.14/cdk-interfaces-1.5.14.jar:/Users/yzongy/.m2/repository/org/openscience/cdk/cdk-ioformats/1.5.14/cdk-ioformats-1.5.14.jar:/Users/yzongy/.m2/repository/org/openscience/cdk/cdk-io/1.5.14/cdk-io-1.5.14.jar:/Users/yzongy/.m2/repository/xpp3/xpp3/1.1.4c/xpp3-1.1.4c.jar:/Users/yzongy/.m2/repository/org/openscience/cdk/cdk-atomtype/1.5.14/cdk-atomtype-1.5.14.jar:/Users/yzongy/.m2/repository/org/openscience/cdk/cdk-isomorphism/1.5.14/cdk-isomorphism-1.5.14.jar:/Users/yzongy/.m2/repository/org/openscience/cdk/cdk-standard/1.5.14/cdk-standard-1.5.14.jar:/Users/yzongy/.m2/repository/org/openscience/cdk/cdk-valencycheck/1.5.14/cdk-valencycheck-1.5.14.jar:/Users/yzongy/.m2/repository/org/openscience/cdk/cdk-data/1.5.14/cdk-data-1.5.14.jar:/Users/yzongy/.m2/repository/org/apache/httpcomponents/httpclient/4.5.1/httpclient-4.5.1.jar:/Users/yzongy/.m2/repository/org/apache/httpcomponents/httpcore/4.4.3/httpcore-4.4.3.jar:/Users/yzongy/.m2/repository/commons-codec/commons-codec/1.9/commons-codec-1.9.jar:/Users/yzongy/.m2/repository/com/google/code/gson/gson/2.7/gson-2.7.jar:/Users/yzongy/.m2/repository/org/apache/httpcomponents/httpmime/4.5.4/httpmime-4.5.4.jar:/Users/yzongy/.m2/repository/joda-time/joda-time/2.9.9/joda-time-2.9.9.jar:/Users/yzongy/.m2/repository/com/google/guava/guava/19.0/guava-19.0.jar:/Users/yzongy/.m2/repository/org/apache/commons/commons-lang3/3.7/commons-lang3-3.7.jar:/Users/yzongy/.m2/repository/org/virtualparts/virtualparts-rdf/2.0.16-SNAPSHOT/virtualparts-rdf-2.0.16-SNAPSHOT.jar:/Users/yzongy/.m2/repository/org/apache/commons/commons-collections4/4.1/commons-collections4-4.1.jar:/Users/yzongy/.m2/repository/javax/ws/rs/javax.ws.rs-api/2.0.1/javax.ws.rs-api-2.0.1.jar:/Users/yzongy/.m2/repository/org/apache/jena/jena-base/3.0.0/jena-base-3.0.0.jar:/Users/yzongy/.m2/repository/org/apache/jena/jena-shaded-guava/3.0.0/jena-shaded-guava-3.0.0.jar:/Users/yzongy/.m2/repository/org/apache/commons/commons-csv/1.0/commons-csv-1.0.jar:/Users/yzongy/.m2/repository/org/slf4j/slf4j-log4j12/1.7.12/slf4j-log4j12-1.7.12.jar:/Users/yzongy/.m2/repository/log4j/log4j/1.2.17/log4j-1.2.17.jar:/Users/yzongy/.m2/repository/org/apache/jena/jena-arq/3.0.0/jena-arq-3.0.0.jar:/Users/yzongy/.m2/repository/org/apache/jena/jena-core/3.0.0/jena-core-3.0.0.jar:/Users/yzongy/.m2/repository/org/apache/jena/jena-iri/3.0.0/jena-iri-3.0.0.jar:/Users/yzongy/.m2/repository/xerces/xercesImpl/2.11.0/xercesImpl-2.11.0.jar:/Users/yzongy/.m2/repository/xml-apis/xml-apis/1.4.01/xml-apis-1.4.01.jar:/Users/yzongy/.m2/repository/commons-cli/commons-cli/1.3/commons-cli-1.3.jar:/Users/yzongy/.m2/repository/com/github/jsonld-java/jsonld-java/0.5.1/jsonld-java-0.5.1.jar:/Users/yzongy/.m2/repository/com/fasterxml/jackson/core/jackson-core/2.3.3/jackson-core-2.3.3.jar:/Users/yzongy/.m2/repository/com/fasterxml/jackson/core/jackson-databind/2.3.3/jackson-databind-2.3.3.jar:/Users/yzongy/.m2/repository/com/fasterxml/jackson/core/jackson-annotations/2.3.0/jackson-annotations-2.3.0.jar:/Users/yzongy/.m2/repository/org/apache/httpcomponents/httpclient-cache/4.2.6/httpclient-cache-4.2.6.jar:/Users/yzongy/.m2/repository/org/apache/thrift/libthrift/0.9.2/libthrift-0.9.2.jar:/Users/yzongy/.m2/repository/org/slf4j/jcl-over-slf4j/1.7.12/jcl-over-slf4j-1.7.12.jar:/Users/yzongy/.m2/repository/org/virtualparts/virtualparts-sbol/2.0.16-SNAPSHOT/virtualparts-sbol-2.0.16-SNAPSHOT.jar:/Users/yzongy/.m2/repository/commons-io/commons-io/2.4/commons-io-2.4.jar:/Users/yzongy/.m2/repository/org/apache/commons/commons-jcs-core/2.2/commons-jcs-core-2.2.jar:/Users/yzongy/.m2/repository/commons-logging/commons-logging/1.2/commons-logging-1.2.jar:/Users/yzongy/.m2/repository/org/biojava/biojava-core/6.0.1/biojava-core-6.0.1.jar:/Users/yzongy/.m2/repository/org/slf4j/slf4j-api/1.7.30/slf4j-api-1.7.30.jar:/Users/yzongy/.m2/repository/org/apache/logging/log4j/log4j-slf4j-impl/2.14.0/log4j-slf4j-impl-2.14.0.jar:/Users/yzongy/.m2/repository/org/apache/logging/log4j/log4j-api/2.14.0/log4j-api-2.14.0.jar:/Users/yzongy/.m2/repository/org/apache/logging/log4j/log4j-core/2.14.0/log4j-core-2.14.0.jar:/Users/yzongy/.m2/repository/javax/xml/bind/jaxb-api/2.3.1/jaxb-api-2.3.1.jar:/Users/yzongy/.m2/repository/javax/activation/javax.activation-api/1.2.0/javax.activation-api-1.2.0.jar:/Users/yzongy/.m2/repository/org/glassfish/jaxb/jaxb-runtime/2.3.5/jaxb-runtime-2.3.5.jar:/Users/yzongy/.m2/repository/jakarta/xml/bind/jakarta.xml.bind-api/2.3.3/jakarta.xml.bind-api-2.3.3.jar:/Users/yzongy/.m2/repository/org/glassfish/jaxb/txw2/2.3.5/txw2-2.3.5.jar:/Users/yzongy/.m2/repository/com/sun/istack/istack-commons-runtime/3.0.12/istack-commons-runtime-3.0.12.jar:/Users/yzongy/.m2/repository/com/sun/activation/jakarta.activation/1.2.2/jakarta.activation-1.2.2.jar:/Users/yzongy/.m2/repository/org/renjin/cran/BoolNet/2.1.5-b1/BoolNet-2.1.5-b1.jar:/Users/yzongy/.m2/repository/org/renjin/tcltk/0.9.2725/tcltk-0.9.2725.jar:/Users/yzongy/.m2/repository/org/renjin/renjin-core/0.9.2725/renjin-core-0.9.2725.jar:/Users/yzongy/.m2/repository/org/renjin/renjin-lapack/0.9.2725/renjin-lapack-0.9.2725.jar:/Users/yzongy/.m2/repository/org/apache/commons/commons-math/2.2/commons-math-2.2.jar:/Users/yzongy/.m2/repository/org/renjin/gcc-runtime/0.9.2725/gcc-runtime-0.9.2725.jar:/Users/yzongy/.m2/repository/com/github/fommil/netlib/core/1.1.2/core-1.1.2.jar:/Users/yzongy/.m2/repository/net/sourceforge/f2j/arpack_combined_all/0.1/arpack_combined_all-0.1.jar:/Users/yzongy/.m2/repository/org/apache/commons/commons-vfs2/2.0/commons-vfs2-2.0.jar:/Users/yzongy/.m2/repository/org/apache/maven/scm/maven-scm-api/1.4/maven-scm-api-1.4.jar:/Users/yzongy/.m2/repository/org/codehaus/plexus/plexus-utils/1.5.6/plexus-utils-1.5.6.jar:/Users/yzongy/.m2/repository/org/apache/maven/scm/maven-scm-provider-svnexe/1.4/maven-scm-provider-svnexe-1.4.jar:/Users/yzongy/.m2/repository/org/apache/maven/scm/maven-scm-provider-svn-commons/1.4/maven-scm-provider-svn-commons-1.4.jar:/Users/yzongy/.m2/repository/regexp/regexp/1.3/regexp-1.3.jar:/Users/yzongy/.m2/repository/org/apache/commons/commons-compress/1.18/commons-compress-1.18.jar:/Users/yzongy/.m2/repository/org/tukaani/xz/1.8/xz-1.8.jar:/Users/yzongy/.m2/repository/org/renjin/renjin-asm/5.0.4b/renjin-asm-5.0.4b.jar:/Users/yzongy/.m2/repository/org/renjin/renjin-guava/17.0b/renjin-guava-17.0b.jar:/Users/yzongy/.m2/repository/com/sun/codemodel/codemodel/2.6/codemodel-2.6.jar:/Users/yzongy/.m2/repository/org/renjin/methods/0.9.2725/methods-0.9.2725.jar:/Users/yzongy/.m2/repository/org/renjin/cran/igraph/1.2.4.1-b1/igraph-1.2.4.1-b1.jar:/Users/yzongy/.m2/repository/org/renjin/cran/pkgconfig/2.0.2-b5/pkgconfig-2.0.2-b5.jar:/Users/yzongy/.m2/repository/org/renjin/cran/Matrix/1.2-17-b1/Matrix-1.2-17-b1.jar:/Users/yzongy/.m2/repository/org/renjin/cran/lattice/0.20-38-b1/lattice-0.20-38-b1.jar:/Users/yzongy/.m2/repository/org/renjin/cran/magrittr/1.5-b354/magrittr-1.5-b354.jar:/Users/yzongy/.m2/repository/org/renjin/libxml2/2.9.6-b15/libxml2-2.9.6-b15.jar:/Users/yzongy/.m2/repository/org/renjin/libxml2/2.9.6-b15/libxml2-2.9.6-b15-headers.jar:/Users/yzongy/.m2/repository/org/renjin/libstdcxx/4.7.4-b34/libstdcxx-4.7.4-b34.jar:/Users/yzongy/.m2/repository/org/renjin/graphics/0.9.2725/graphics-0.9.2725.jar:/Users/yzongy/.m2/repository/org/renjin/datasets/0.9.2725/datasets-0.9.2725.jar:/Users/yzongy/.m2/repository/org/renjin/splines/0.9.2725/splines-0.9.2725.jar:/Users/yzongy/.m2/repository/org/renjin/grDevices/0.9.2725/grDevices-0.9.2725.jar:/Users/yzongy/.m2/repository/org/renjin/renjin-gnur-runtime/0.9.2725/renjin-gnur-runtime-0.9.2725.jar:/Users/yzongy/.m2/repository/org/renjin/renjin-blas/0.9.2725/renjin-blas-0.9.2725.jar:/Users/yzongy/.m2/repository/org/jfree/jfreesvg/3.3/jfreesvg-3.3.jar:/Users/yzongy/.m2/repository/org/renjin/tools/0.9.2725/tools-0.9.2725.jar:/Users/yzongy/.m2/repository/org/renjin/stats/0.9.2725/stats-0.9.2725.jar:/Users/yzongy/.m2/repository/org/renjin/renjin-nmath/0.9.2725/renjin-nmath-0.9.2725.jar:/Users/yzongy/.m2/repository/org/renjin/renjin-math-common/0.9.2725/renjin-math-common-0.9.2725.jar:/Users/yzongy/.m2/repository/org/renjin/renjin-appl/0.9.2725/renjin-appl-0.9.2725.jar:/Users/yzongy/.m2/repository/org/renjin/parallel/0.9.2725/parallel-0.9.2725.jar:/Users/yzongy/.m2/repository/org/renjin/utils/0.9.2725/utils-0.9.2725.jar:/Users/yzongy/.m2/repository/org/renjin/grid/0.9.2725/grid-0.9.2725.jar:/Users/yzongy/.m2/repository/org/renjin/cran/XML/3.98-1.19-b1/XML-3.98-1.19-b1.jar:/Users/yzongy/.m2/repository/org/renjin/stats4/0.9.2725/stats4-0.9.2725.jar:"/>
    <property name="java.vm.vendor" value="Homebrew"/>
    <property name="sun.arch.data.model" value="64"/>
    <property name="java.vendor.url" value="https://github.com/Homebrew/homebrew-core/issues"/>
    <property name="os.name" value="Mac OS X"/>
    <property name="java.vm.specification.version" value="16"/>
    <property name="sun.java.launcher" value="SUN_STANDARD"/>
    <property name="user.country" value="CN"/>
    <property name="sun.boot.library.path" value="/usr/local/Cellar/openjdk/16.0.1/libexec/openjdk.jdk/Contents/Home/lib"/>
    <property name="sun.java.command" value="/Users/yzongy/vpr2/virtualparts.boolean/target/surefire/surefirebooter12368497548100866860.jar /Users/yzongy/vpr2/virtualparts.boolean/target/surefire 2021-11-25T12-03-27_016-jvmRun1 surefire3569023488394111681tmp surefire_05496460915067716175tmp"/>
    <property name="jdk.debug" value="release"/>
    <property name="surefire.test.class.path" value="/Users/yzongy/vpr2/virtualparts.boolean/target/test-classes:/Users/yzongy/vpr2/virtualparts.boolean/target/classes:/Users/yzongy/.m2/repository/junit/junit/4.11/junit-4.11.jar:/Users/yzongy/.m2/repository/org/hamcrest/hamcrest-core/1.3/hamcrest-core-1.3.jar:/Users/yzongy/.m2/repository/org/virtualparts/virtualparts-data/2.0.16-SNAPSHOT/virtualparts-data-2.0.16-SNAPSHOT.jar:/Users/yzongy/.m2/repository/org/sbolstandard/libSBOLj/2.3.2-SNAPSHOT/libSBOLj-2.3.2-SNAPSHOT.jar:/Users/yzongy/.m2/repository/org/sbolstandard/sbol-data-core/0.2.0-SNAPSHOT/sbol-data-core-0.2.0-SNAPSHOT.jar:/Users/yzongy/.m2/repository/org/sbolstandard/sbol-data-examples/0.2.0-SNAPSHOT/sbol-data-examples-0.2.0-SNAPSHOT.jar:/Users/yzongy/.m2/repository/org/sbolstandard/sbol-data-io-graphviz/0.2.0-SNAPSHOT/sbol-data-io-graphviz-0.2.0-SNAPSHOT.jar:/Users/yzongy/.m2/repository/org/sbolstandard/sbol-data-io-json/0.2.0-SNAPSHOT/sbol-data-io-json-0.2.0-SNAPSHOT.jar:/Users/yzongy/.m2/repository/org/glassfish/javax.json/1.0.2/javax.json-1.0.2.jar:/Users/yzongy/.m2/repository/org/sbolstandard/sbol-data-io-turtle/0.2.0-SNAPSHOT/sbol-data-io-turtle-0.2.0-SNAPSHOT.jar:/Users/yzongy/.m2/repository/net/java/dev/stax-utils/stax-utils/20070216/stax-utils-20070216.jar:/Users/yzongy/.m2/repository/org/sbolstandard/sbol-data-io-RDF/0.2.0-SNAPSHOT/sbol-data-io-RDF-0.2.0-SNAPSHOT.jar:/Users/yzongy/.m2/repository/org/sbolstandard/sbol-data-nativeSbol/0.2.0-SNAPSHOT/sbol-data-nativeSbol-0.2.0-SNAPSHOT.jar:/Users/yzongy/.m2/repository/javassist/javassist/3.12.1.GA/javassist-3.12.1.GA.jar:/Users/yzongy/.m2/repository/org/jdom/jdom/1.1/jdom-1.1.jar:/Users/yzongy/.m2/repository/org/openscience/cdk/cdk-smiles/1.5.14/cdk-smiles-1.5.14.jar:/Users/yzongy/.m2/repository/javax/vecmath/vecmath/1.5.2/vecmath-1.5.2.jar:/Users/yzongy/.m2/repository/uk/ac/ebi/beam/beam-core/0.9.2/beam-core-0.9.2.jar:/Users/yzongy/.m2/repository/uk/ac/ebi/beam/beam-func/0.9.2/beam-func-0.9.2.jar:/Users/yzongy/.m2/repository/org/openscience/cdk/cdk-core/1.5.14/cdk-core-1.5.14.jar:/Users/yzongy/.m2/repository/org/openscience/cdk/cdk-interfaces/1.5.14/cdk-interfaces-1.5.14.jar:/Users/yzongy/.m2/repository/org/openscience/cdk/cdk-ioformats/1.5.14/cdk-ioformats-1.5.14.jar:/Users/yzongy/.m2/repository/org/openscience/cdk/cdk-io/1.5.14/cdk-io-1.5.14.jar:/Users/yzongy/.m2/repository/xpp3/xpp3/1.1.4c/xpp3-1.1.4c.jar:/Users/yzongy/.m2/repository/org/openscience/cdk/cdk-atomtype/1.5.14/cdk-atomtype-1.5.14.jar:/Users/yzongy/.m2/repository/org/openscience/cdk/cdk-isomorphism/1.5.14/cdk-isomorphism-1.5.14.jar:/Users/yzongy/.m2/repository/org/openscience/cdk/cdk-standard/1.5.14/cdk-standard-1.5.14.jar:/Users/yzongy/.m2/repository/org/openscience/cdk/cdk-valencycheck/1.5.14/cdk-valencycheck-1.5.14.jar:/Users/yzongy/.m2/repository/org/openscience/cdk/cdk-data/1.5.14/cdk-data-1.5.14.jar:/Users/yzongy/.m2/repository/org/apache/httpcomponents/httpclient/4.5.1/httpclient-4.5.1.jar:/Users/yzongy/.m2/repository/org/apache/httpcomponents/httpcore/4.4.3/httpcore-4.4.3.jar:/Users/yzongy/.m2/repository/commons-codec/commons-codec/1.9/commons-codec-1.9.jar:/Users/yzongy/.m2/repository/com/google/code/gson/gson/2.7/gson-2.7.jar:/Users/yzongy/.m2/repository/org/apache/httpcomponents/httpmime/4.5.4/httpmime-4.5.4.jar:/Users/yzongy/.m2/repository/joda-time/joda-time/2.9.9/joda-time-2.9.9.jar:/Users/yzongy/.m2/repository/com/google/guava/guava/19.0/guava-19.0.jar:/Users/yzongy/.m2/repository/org/apache/commons/commons-lang3/3.7/commons-lang3-3.7.jar:/Users/yzongy/.m2/repository/org/virtualparts/virtualparts-rdf/2.0.16-SNAPSHOT/virtualparts-rdf-2.0.16-SNAPSHOT.jar:/Users/yzongy/.m2/repository/org/apache/commons/commons-collections4/4.1/commons-collections4-4.1.jar:/Users/yzongy/.m2/repository/javax/ws/rs/javax.ws.rs-api/2.0.1/javax.ws.rs-api-2.0.1.jar:/Users/yzongy/.m2/repository/org/apache/jena/jena-base/3.0.0/jena-base-3.0.0.jar:/Users/yzongy/.m2/repository/org/apache/jena/jena-shaded-guava/3.0.0/jena-shaded-guava-3.0.0.jar:/Users/yzongy/.m2/repository/org/apache/commons/commons-csv/1.0/commons-csv-1.0.jar:/Users/yzongy/.m2/repository/org/slf4j/slf4j-log4j12/1.7.12/slf4j-log4j12-1.7.12.jar:/Users/yzongy/.m2/repository/log4j/log4j/1.2.17/log4j-1.2.17.jar:/Users/yzongy/.m2/repository/org/apache/jena/jena-arq/3.0.0/jena-arq-3.0.0.jar:/Users/yzongy/.m2/repository/org/apache/jena/jena-core/3.0.0/jena-core-3.0.0.jar:/Users/yzongy/.m2/repository/org/apache/jena/jena-iri/3.0.0/jena-iri-3.0.0.jar:/Users/yzongy/.m2/repository/xerces/xercesImpl/2.11.0/xercesImpl-2.11.0.jar:/Users/yzongy/.m2/repository/xml-apis/xml-apis/1.4.01/xml-apis-1.4.01.jar:/Users/yzongy/.m2/repository/commons-cli/commons-cli/1.3/commons-cli-1.3.jar:/Users/yzongy/.m2/repository/com/github/jsonld-java/jsonld-java/0.5.1/jsonld-java-0.5.1.jar:/Users/yzongy/.m2/repository/com/fasterxml/jackson/core/jackson-core/2.3.3/jackson-core-2.3.3.jar:/Users/yzongy/.m2/repository/com/fasterxml/jackson/core/jackson-databind/2.3.3/jackson-databind-2.3.3.jar:/Users/yzongy/.m2/repository/com/fasterxml/jackson/core/jackson-annotations/2.3.0/jackson-annotations-2.3.0.jar:/Users/yzongy/.m2/repository/org/apache/httpcomponents/httpclient-cache/4.2.6/httpclient-cache-4.2.6.jar:/Users/yzongy/.m2/repository/org/apache/thrift/libthrift/0.9.2/libthrift-0.9.2.jar:/Users/yzongy/.m2/repository/org/slf4j/jcl-over-slf4j/1.7.12/jcl-over-slf4j-1.7.12.jar:/Users/yzongy/.m2/repository/org/virtualparts/virtualparts-sbol/2.0.16-SNAPSHOT/virtualparts-sbol-2.0.16-SNAPSHOT.jar:/Users/yzongy/.m2/repository/commons-io/commons-io/2.4/commons-io-2.4.jar:/Users/yzongy/.m2/repository/org/apache/commons/commons-jcs-core/2.2/commons-jcs-core-2.2.jar:/Users/yzongy/.m2/repository/commons-logging/commons-logging/1.2/commons-logging-1.2.jar:/Users/yzongy/.m2/repository/org/biojava/biojava-core/6.0.1/biojava-core-6.0.1.jar:/Users/yzongy/.m2/repository/org/slf4j/slf4j-api/1.7.30/slf4j-api-1.7.30.jar:/Users/yzongy/.m2/repository/org/apache/logging/log4j/log4j-slf4j-impl/2.14.0/log4j-slf4j-impl-2.14.0.jar:/Users/yzongy/.m2/repository/org/apache/logging/log4j/log4j-api/2.14.0/log4j-api-2.14.0.jar:/Users/yzongy/.m2/repository/org/apache/logging/log4j/log4j-core/2.14.0/log4j-core-2.14.0.jar:/Users/yzongy/.m2/repository/javax/xml/bind/jaxb-api/2.3.1/jaxb-api-2.3.1.jar:/Users/yzongy/.m2/repository/javax/activation/javax.activation-api/1.2.0/javax.activation-api-1.2.0.jar:/Users/yzongy/.m2/repository/org/glassfish/jaxb/jaxb-runtime/2.3.5/jaxb-runtime-2.3.5.jar:/Users/yzongy/.m2/repository/jakarta/xml/bind/jakarta.xml.bind-api/2.3.3/jakarta.xml.bind-api-2.3.3.jar:/Users/yzongy/.m2/repository/org/glassfish/jaxb/txw2/2.3.5/txw2-2.3.5.jar:/Users/yzongy/.m2/repository/com/sun/istack/istack-commons-runtime/3.0.12/istack-commons-runtime-3.0.12.jar:/Users/yzongy/.m2/repository/com/sun/activation/jakarta.activation/1.2.2/jakarta.activation-1.2.2.jar:/Users/yzongy/.m2/repository/org/renjin/cran/BoolNet/2.1.5-b1/BoolNet-2.1.5-b1.jar:/Users/yzongy/.m2/repository/org/renjin/tcltk/0.9.2725/tcltk-0.9.2725.jar:/Users/yzongy/.m2/repository/org/renjin/renjin-core/0.9.2725/renjin-core-0.9.2725.jar:/Users/yzongy/.m2/repository/org/renjin/renjin-lapack/0.9.2725/renjin-lapack-0.9.2725.jar:/Users/yzongy/.m2/repository/org/apache/commons/commons-math/2.2/commons-math-2.2.jar:/Users/yzongy/.m2/repository/org/renjin/gcc-runtime/0.9.2725/gcc-runtime-0.9.2725.jar:/Users/yzongy/.m2/repository/com/github/fommil/netlib/core/1.1.2/core-1.1.2.jar:/Users/yzongy/.m2/repository/net/sourceforge/f2j/arpack_combined_all/0.1/arpack_combined_all-0.1.jar:/Users/yzongy/.m2/repository/org/apache/commons/commons-vfs2/2.0/commons-vfs2-2.0.jar:/Users/yzongy/.m2/repository/org/apache/maven/scm/maven-scm-api/1.4/maven-scm-api-1.4.jar:/Users/yzongy/.m2/repository/org/codehaus/plexus/plexus-utils/1.5.6/plexus-utils-1.5.6.jar:/Users/yzongy/.m2/repository/org/apache/maven/scm/maven-scm-provider-svnexe/1.4/maven-scm-provider-svnexe-1.4.jar:/Users/yzongy/.m2/repository/org/apache/maven/scm/maven-scm-provider-svn-commons/1.4/maven-scm-provider-svn-commons-1.4.jar:/Users/yzongy/.m2/repository/regexp/regexp/1.3/regexp-1.3.jar:/Users/yzongy/.m2/repository/org/apache/commons/commons-compress/1.18/commons-compress-1.18.jar:/Users/yzongy/.m2/repository/org/tukaani/xz/1.8/xz-1.8.jar:/Users/yzongy/.m2/repository/org/renjin/renjin-asm/5.0.4b/renjin-asm-5.0.4b.jar:/Users/yzongy/.m2/repository/org/renjin/renjin-guava/17.0b/renjin-guava-17.0b.jar:/Users/yzongy/.m2/repository/com/sun/codemodel/codemodel/2.6/codemodel-2.6.jar:/Users/yzongy/.m2/repository/org/renjin/methods/0.9.2725/methods-0.9.2725.jar:/Users/yzongy/.m2/repository/org/renjin/cran/igraph/1.2.4.1-b1/igraph-1.2.4.1-b1.jar:/Users/yzongy/.m2/repository/org/renjin/cran/pkgconfig/2.0.2-b5/pkgconfig-2.0.2-b5.jar:/Users/yzongy/.m2/repository/org/renjin/cran/Matrix/1.2-17-b1/Matrix-1.2-17-b1.jar:/Users/yzongy/.m2/repository/org/renjin/cran/lattice/0.20-38-b1/lattice-0.20-38-b1.jar:/Users/yzongy/.m2/repository/org/renjin/cran/magrittr/1.5-b354/magrittr-1.5-b354.jar:/Users/yzongy/.m2/repository/org/renjin/libxml2/2.9.6-b15/libxml2-2.9.6-b15.jar:/Users/yzongy/.m2/repository/org/renjin/libxml2/2.9.6-b15/libxml2-2.9.6-b15-headers.jar:/Users/yzongy/.m2/repository/org/renjin/libstdcxx/4.7.4-b34/libstdcxx-4.7.4-b34.jar:/Users/yzongy/.m2/repository/org/renjin/graphics/0.9.2725/graphics-0.9.2725.jar:/Users/yzongy/.m2/repository/org/renjin/datasets/0.9.2725/datasets-0.9.2725.jar:/Users/yzongy/.m2/repository/org/renjin/splines/0.9.2725/splines-0.9.2725.jar:/Users/yzongy/.m2/repository/org/renjin/grDevices/0.9.2725/grDevices-0.9.2725.jar:/Users/yzongy/.m2/repository/org/renjin/renjin-gnur-runtime/0.9.2725/renjin-gnur-runtime-0.9.2725.jar:/Users/yzongy/.m2/repository/org/renjin/renjin-blas/0.9.2725/renjin-blas-0.9.2725.jar:/Users/yzongy/.m2/repository/org/jfree/jfreesvg/3.3/jfreesvg-3.3.jar:/Users/yzongy/.m2/repository/org/renjin/tools/0.9.2725/tools-0.9.2725.jar:/Users/yzongy/.m2/repository/org/renjin/stats/0.9.2725/stats-0.9.2725.jar:/Users/yzongy/.m2/repository/org/renjin/renjin-nmath/0.9.2725/renjin-nmath-0.9.2725.jar:/Users/yzongy/.m2/repository/org/renjin/renjin-math-common/0.9.2725/renjin-math-common-0.9.2725.jar:/Users/yzongy/.m2/repository/org/renjin/renjin-appl/0.9.2725/renjin-appl-0.9.2725.jar:/Users/yzongy/.m2/repository/org/renjin/parallel/0.9.2725/parallel-0.9.2725.jar:/Users/yzongy/.m2/repository/org/renjin/utils/0.9.2725/utils-0.9.2725.jar:/Users/yzongy/.m2/repository/org/renjin/grid/0.9.2725/grid-0.9.2725.jar:/Users/yzongy/.m2/repository/org/renjin/cran/XML/3.98-1.19-b1/XML-3.98-1.19-b1.jar:/Users/yzongy/.m2/repository/org/renjin/stats4/0.9.2725/stats4-0.9.2725.jar:"/>
    <property name="sun.cpu.endian" value="little"/>
    <property name="user.home" value="/Users/yzongy"/>
    <property name="user.language" value="en"/>
    <property name="java.specification.vendor" value="Oracle Corporation"/>
    <property name="java.version.date" value="2021-04-20"/>
    <property name="java.home" value="/usr/local/Cellar/openjdk/16.0.1/libexec/openjdk.jdk/Contents/Home"/>
    <property name="file.separator" value="/"/>
    <property name="basedir" value="/Users/yzongy/vpr2/virtualparts.boolean"/>
    <property name="java.vm.compressedOopsMode" value="Zero based"/>
    <property name="line.separator" value="&#10;"/>
    <property name="java.vm.specification.vendor" value="Oracle Corporation"/>
    <property name="java.specification.name" value="Java Platform API Specification"/>
    <property name="surefire.real.class.path" value="/Users/yzongy/vpr2/virtualparts.boolean/target/surefire/surefirebooter12368497548100866860.jar"/>
    <property name="sun.management.compiler" value="HotSpot 64-Bit Tiered Compilers"/>
    <property name="java.runtime.version" value="16.0.1+0"/>
    <property name="user.name" value="yzongy"/>
    <property name="path.separator" value=":"/>
    <property name="os.version" value="11.5"/>
    <property name="java.runtime.name" value="OpenJDK Runtime Environment"/>
    <property name="file.encoding" value="UTF-8"/>
    <property name="java.vm.name" value="OpenJDK 64-Bit Server VM"/>
    <property name="java.vendor.version" value="Homebrew"/>
    <property name="localRepository" value="/Users/yzongy/.m2/repository"/>
    <property name="java.vendor.url.bug" value="https://github.com/Homebrew/homebrew-core/issues"/>
    <property name="java.io.tmpdir" value="/var/folders/8t/qrykd8w57pggdyvkp5c5nl_c0000gn/T/"/>
    <property name="java.version" value="16.0.1"/>
    <property name="user.dir" value="/Users/yzongy/vpr2/virtualparts.boolean"/>
    <property name="os.arch" value="x86_64"/>
    <property name="java.vm.specification.name" value="Java Virtual Machine Specification"/>
    <property name="java.library.path" value="/Users/yzongy/Library/Java/Extensions:/Library/Java/Extensions:/Network/Library/Java/Extensions:/System/Library/Java/Extensions:/usr/lib/java:."/>
    <property name="java.vm.info" value="mixed mode, sharing"/>
    <property name="java.vendor" value="Homebrew"/>
    <property name="java.vm.version" value="16.0.1+0"/>
    <property name="sun.io.unicode.encoding" value="UnicodeBig"/>
    <property name="java.class.version" value="60.0"/>
  </properties>
  <testcase name="shouldAnswerWithTrue" classname="org.virtualparts.AppTest" time="0.002"/>
</testsuite>